The target system is: Android - 21 - armv7-a
The host system is: Darwin - 16.7.0 - x86_64
Determining if the C compiler works passed with the following output:
Change Dir: /Users/ashawn/Projects/Mine/VirtualBeauty/dlib-android/.externalNativeBuild/cmake/debug/armeabi-v7a/CMakeFiles/CMakeTmp

Run Build Command:"/Users/ashawn/Library/Android/sdk/cmake/3.6.4111459/bin/ninja" "cmTC_9be45"
[1/2] Building C object CMakeFiles/cmTC_9be45.dir/testCCompiler.c.o
[2/2] Linking C executable cmTC_9be45


Detecting C compiler ABI info compiled with the following output:
Change Dir: /Users/ashawn/Projects/Mine/VirtualBeauty/dlib-android/.externalNativeBuild/cmake/debug/armeabi-v7a/CMakeFiles/CMakeTmp

Run Build Command:"/Users/ashawn/Library/Android/sdk/cmake/3.6.4111459/bin/ninja" "cmTC_4cfda"
[1/2] Building C object CMakeFiles/cmTC_4cfda.dir/CMakeCCompilerABI.c.o
[2/2] Linking C executable cmTC_4cfda
Android clang version 3.8.256229  (based on LLVM 3.8.256229)
Target: armv7-none-linux-android
Thread model: posix
InstalledDir: /Users/ashawn/Library/Android/sdk/android-ndk-r13b/toolchains/llvm/prebuilt/darwin-x86_64/bin
Found candidate GCC installation: /Users/ashawn/Library/Android/sdk/android-ndk-r13b/toolchains/arm-linux-androideabi-4.9/prebuilt/darwin-x86_64/lib/gcc/arm-linux-androideabi/4.9.x
Selected GCC installation: /Users/ashawn/Library/Android/sdk/android-ndk-r13b/toolchains/arm-linux-androideabi-4.9/prebuilt/darwin-x86_64/lib/gcc/arm-linux-androideabi/4.9.x
Candidate multilib: .;@m32
Selected multilib: .;@m32
 "/Users/ashawn/Library/Android/sdk/android-ndk-r13b/toolchains/arm-linux-androideabi-4.9/prebuilt/darwin-x86_64/lib/gcc/arm-linux-androideabi/4.9.x/../../../../arm-linux-androideabi/bin/ld" --sysroot=/Users/ashawn/Library/Android/sdk/android-ndk-r13b/platforms/android-21/arch-arm -pie -X --eh-frame-hdr -m armelf_linux_eabi -dynamic-linker /system/bin/linker -o cmTC_4cfda /Users/ashawn/Library/Android/sdk/android-ndk-r13b/platforms/android-21/arch-arm/usr/lib/../lib/crtbegin_dynamic.o -L/Users/ashawn/Library/Android/sdk/android-ndk-r13b/toolchains/arm-linux-androideabi-4.9/prebuilt/darwin-x86_64/lib/gcc/arm-linux-androideabi/4.9.x -L/Users/ashawn/Library/Android/sdk/android-ndk-r13b/toolchains/arm-linux-androideabi-4.9/prebuilt/darwin-x86_64/lib/gcc/arm-linux-androideabi/4.9.x/../../../../arm-linux-androideabi/lib/../lib -L/Users/ashawn/Library/Android/sdk/android-ndk-r13b/platforms/android-21/arch-arm/usr/lib/../lib -L/Users/ashawn/Library/Android/sdk/android-ndk-r13b/toolchains/arm-linux-androideabi-4.9/prebuilt/darwin-x86_64/lib/gcc/arm-linux-androideabi/4.9.x/../../../../arm-linux-androideabi/lib -L/Users/ashawn/Library/Android/sdk/android-ndk-r13b/platforms/android-21/arch-arm/usr/lib --build-id --warn-shared-textrel --fatal-warnings --fix-cortex-a8 --no-undefined -z noexecstack -z relro -z now --gc-sections -z nocopyreloc --build-id --warn-shared-textrel --fatal-warnings --fix-cortex-a8 --no-undefined -z noexecstack -z relro -z now --gc-sections -z nocopyreloc CMakeFiles/cmTC_4cfda.dir/CMakeCCompilerABI.c.o -lgcc -ldl -lc -lgcc -ldl /Users/ashawn/Library/Android/sdk/android-ndk-r13b/platforms/android-21/arch-arm/usr/lib/../lib/crtend_android.o


Parsed C implicit link information from above output:
  link line regex: [^( *|.*[/\])(arm-linux-androideabi-ld|([^/\]+-)?ld|collect2)[^/\]*( |$)]
  ignore line: [Change Dir: /Users/ashawn/Projects/Mine/VirtualBeauty/dlib-android/.externalNativeBuild/cmake/debug/armeabi-v7a/CMakeFiles/CMakeTmp]
  ignore line: []
  ignore line: [Run Build Command:"/Users/ashawn/Library/Android/sdk/cmake/3.6.4111459/bin/ninja" "cmTC_4cfda"]
  ignore line: [[1/2] Building C object CMakeFiles/cmTC_4cfda.dir/CMakeCCompilerABI.c.o]
  ignore line: [[2/2] Linking C executable cmTC_4cfda]
  ignore line: [Android clang version 3.8.256229  (based on LLVM 3.8.256229)]
  ignore line: [Target: armv7-none-linux-android]
  ignore line: [Thread model: posix]
  ignore line: [InstalledDir: /Users/ashawn/Library/Android/sdk/android-ndk-r13b/toolchains/llvm/prebuilt/darwin-x86_64/bin]
  ignore line: [Found candidate GCC installation: /Users/ashawn/Library/Android/sdk/android-ndk-r13b/toolchains/arm-linux-androideabi-4.9/prebuilt/darwin-x86_64/lib/gcc/arm-linux-androideabi/4.9.x]
  ignore line: [Selected GCC installation: /Users/ashawn/Library/Android/sdk/android-ndk-r13b/toolchains/arm-linux-androideabi-4.9/prebuilt/darwin-x86_64/lib/gcc/arm-linux-androideabi/4.9.x]
  ignore line: [Candidate multilib: .]
  ignore line: [@m32]
  ignore line: [Selected multilib: .]
  ignore line: [@m32]
  link line: [ "/Users/ashawn/Library/Android/sdk/android-ndk-r13b/toolchains/arm-linux-androideabi-4.9/prebuilt/darwin-x86_64/lib/gcc/arm-linux-androideabi/4.9.x/../../../../arm-linux-androideabi/bin/ld" --sysroot=/Users/ashawn/Library/Android/sdk/android-ndk-r13b/platforms/android-21/arch-arm -pie -X --eh-frame-hdr -m armelf_linux_eabi -dynamic-linker /system/bin/linker -o cmTC_4cfda /Users/ashawn/Library/Android/sdk/android-ndk-r13b/platforms/android-21/arch-arm/usr/lib/../lib/crtbegin_dynamic.o -L/Users/ashawn/Library/Android/sdk/android-ndk-r13b/toolchains/arm-linux-androideabi-4.9/prebuilt/darwin-x86_64/lib/gcc/arm-linux-androideabi/4.9.x -L/Users/ashawn/Library/Android/sdk/android-ndk-r13b/toolchains/arm-linux-androideabi-4.9/prebuilt/darwin-x86_64/lib/gcc/arm-linux-androideabi/4.9.x/../../../../arm-linux-androideabi/lib/../lib -L/Users/ashawn/Library/Android/sdk/android-ndk-r13b/platforms/android-21/arch-arm/usr/lib/../lib -L/Users/ashawn/Library/Android/sdk/android-ndk-r13b/toolchains/arm-linux-androideabi-4.9/prebuilt/darwin-x86_64/lib/gcc/arm-linux-androideabi/4.9.x/../../../../arm-linux-androideabi/lib -L/Users/ashawn/Library/Android/sdk/android-ndk-r13b/platforms/android-21/arch-arm/usr/lib --build-id --warn-shared-textrel --fatal-warnings --fix-cortex-a8 --no-undefined -z noexecstack -z relro -z now --gc-sections -z nocopyreloc --build-id --warn-shared-textrel --fatal-warnings --fix-cortex-a8 --no-undefined -z noexecstack -z relro -z now --gc-sections -z nocopyreloc CMakeFiles/cmTC_4cfda.dir/CMakeCCompilerABI.c.o -lgcc -ldl -lc -lgcc -ldl /Users/ashawn/Library/Android/sdk/android-ndk-r13b/platforms/android-21/arch-arm/usr/lib/../lib/crtend_android.o]
    arg [/Users/ashawn/Library/Android/sdk/android-ndk-r13b/toolchains/arm-linux-androideabi-4.9/prebuilt/darwin-x86_64/lib/gcc/arm-linux-androideabi/4.9.x/../../../../arm-linux-androideabi/bin/ld] ==> ignore
    arg [--sysroot=/Users/ashawn/Library/Android/sdk/android-ndk-r13b/platforms/android-21/arch-arm] ==> ignore
    arg [-pie] ==> ignore
    arg [-X] ==> ignore
    arg [--eh-frame-hdr] ==> ignore
    arg [-m] ==> ignore
    arg [armelf_linux_eabi] ==> ignore
    arg [-dynamic-linker] ==> ignore
    arg [/system/bin/linker] ==> ignore
    arg [-o] ==> ignore
    arg [cmTC_4cfda] ==> ignore
    arg [/Users/ashawn/Library/Android/sdk/android-ndk-r13b/platforms/android-21/arch-arm/usr/lib/../lib/crtbegin_dynamic.o] ==> ignore
    arg [-L/Users/ashawn/Library/Android/sdk/android-ndk-r13b/toolchains/arm-linux-androideabi-4.9/prebuilt/darwin-x86_64/lib/gcc/arm-linux-androideabi/4.9.x] ==> dir [/Users/ashawn/Library/Android/sdk/android-ndk-r13b/toolchains/arm-linux-androideabi-4.9/prebuilt/darwin-x86_64/lib/gcc/arm-linux-androideabi/4.9.x]
    arg [-L/Users/ashawn/Library/Android/sdk/android-ndk-r13b/toolchains/arm-linux-androideabi-4.9/prebuilt/darwin-x86_64/lib/gcc/arm-linux-androideabi/4.9.x/../../../../arm-linux-androideabi/lib/../lib] ==> dir [/Users/ashawn/Library/Android/sdk/android-ndk-r13b/toolchains/arm-linux-androideabi-4.9/prebuilt/darwin-x86_64/lib/gcc/arm-linux-androideabi/4.9.x/../../../../arm-linux-androideabi/lib/../lib]
    arg [-L/Users/ashawn/Library/Android/sdk/android-ndk-r13b/platforms/android-21/arch-arm/usr/lib/../lib] ==> dir [/Users/ashawn/Library/Android/sdk/android-ndk-r13b/platforms/android-21/arch-arm/usr/lib/../lib]
    arg [-L/Users/ashawn/Library/Android/sdk/android-ndk-r13b/toolchains/arm-linux-androideabi-4.9/prebuilt/darwin-x86_64/lib/gcc/arm-linux-androideabi/4.9.x/../../../../arm-linux-androideabi/lib] ==> dir [/Users/ashawn/Library/Android/sdk/android-ndk-r13b/toolchains/arm-linux-androideabi-4.9/prebuilt/darwin-x86_64/lib/gcc/arm-linux-androideabi/4.9.x/../../../../arm-linux-androideabi/lib]
    arg [-L/Users/ashawn/Library/Android/sdk/android-ndk-r13b/platforms/android-21/arch-arm/usr/lib] ==> dir [/Users/ashawn/Library/Android/sdk/android-ndk-r13b/platforms/android-21/arch-arm/usr/lib]
    arg [--build-id] ==> ignore
    arg [--warn-shared-textrel] ==> ignore
    arg [--fatal-warnings] ==> ignore
    arg [--fix-cortex-a8] ==> ignore
    arg [--no-undefined] ==> ignore
    arg [-znoexecstack] ==> ignore
    arg [-zrelro] ==> ignore
    arg [-znow] ==> ignore
    arg [--gc-sections] ==> ignore
    arg [-znocopyreloc] ==> ignore
    arg [--build-id] ==> ignore
    arg [--warn-shared-textrel] ==> ignore
    arg [--fatal-warnings] ==> ignore
    arg [--fix-cortex-a8] ==> ignore
    arg [--no-undefined] ==> ignore
    arg [-znoexecstack] ==> ignore
    arg [-zrelro] ==> ignore
    arg [-znow] ==> ignore
    arg [--gc-sections] ==> ignore
    arg [-znocopyreloc] ==> ignore
    arg [CMakeFiles/cmTC_4cfda.dir/CMakeCCompilerABI.c.o] ==> ignore
    arg [-lgcc] ==> lib [gcc]
    arg [-ldl] ==> lib [dl]
    arg [-lc] ==> lib [c]
    arg [-lgcc] ==> lib [gcc]
    arg [-ldl] ==> lib [dl]
    arg [/Users/ashawn/Library/Android/sdk/android-ndk-r13b/platforms/android-21/arch-arm/usr/lib/../lib/crtend_android.o] ==> ignore
  remove lib [gcc]
  remove lib [gcc]
  collapse library dir [/Users/ashawn/Library/Android/sdk/android-ndk-r13b/toolchains/arm-linux-androideabi-4.9/prebuilt/darwin-x86_64/lib/gcc/arm-linux-androideabi/4.9.x] ==> [/Users/ashawn/Library/Android/sdk/android-ndk-r13b/toolchains/arm-linux-androideabi-4.9/prebuilt/darwin-x86_64/lib/gcc/arm-linux-androideabi/4.9.x]
  collapse library dir [/Users/ashawn/Library/Android/sdk/android-ndk-r13b/toolchains/arm-linux-androideabi-4.9/prebuilt/darwin-x86_64/lib/gcc/arm-linux-androideabi/4.9.x/../../../../arm-linux-androideabi/lib/../lib] ==> [/Users/ashawn/Library/Android/sdk/android-ndk-r13b/toolchains/arm-linux-androideabi-4.9/prebuilt/darwin-x86_64/arm-linux-androideabi/lib]
  collapse library dir [/Users/ashawn/Library/Android/sdk/android-ndk-r13b/platforms/android-21/arch-arm/usr/lib/../lib] ==> [/Users/ashawn/Library/Android/sdk/android-ndk-r13b/platforms/android-21/arch-arm/usr/lib]
  collapse library dir [/Users/ashawn/Library/Android/sdk/android-ndk-r13b/toolchains/arm-linux-androideabi-4.9/prebuilt/darwin-x86_64/lib/gcc/arm-linux-androideabi/4.9.x/../../../../arm-linux-androideabi/lib] ==> [/Users/ashawn/Library/Android/sdk/android-ndk-r13b/toolchains/arm-linux-androideabi-4.9/prebuilt/darwin-x86_64/arm-linux-androideabi/lib]
  collapse library dir [/Users/ashawn/Library/Android/sdk/android-ndk-r13b/platforms/android-21/arch-arm/usr/lib] ==> [/Users/ashawn/Library/Android/sdk/android-ndk-r13b/platforms/android-21/arch-arm/usr/lib]
  implicit libs: [dl;c;dl]
  implicit dirs: [/Users/ashawn/Library/Android/sdk/android-ndk-r13b/toolchains/arm-linux-androideabi-4.9/prebuilt/darwin-x86_64/lib/gcc/arm-linux-androideabi/4.9.x;/Users/ashawn/Library/Android/sdk/android-ndk-r13b/toolchains/arm-linux-androideabi-4.9/prebuilt/darwin-x86_64/arm-linux-androideabi/lib;/Users/ashawn/Library/Android/sdk/android-ndk-r13b/platforms/android-21/arch-arm/usr/lib]
  implicit fwks: []


Determining if the CXX compiler works passed with the following output:
Change Dir: /Users/ashawn/Projects/Mine/VirtualBeauty/dlib-android/.externalNativeBuild/cmake/debug/armeabi-v7a/CMakeFiles/CMakeTmp

Run Build Command:"/Users/ashawn/Library/Android/sdk/cmake/3.6.4111459/bin/ninja" "cmTC_35907"
[1/2] Building CXX object CMakeFiles/cmTC_35907.dir/testCXXCompiler.cxx.o
[2/2] Linking CXX executable cmTC_35907


Detecting CXX compiler ABI info compiled with the following output:
Change Dir: /Users/ashawn/Projects/Mine/VirtualBeauty/dlib-android/.externalNativeBuild/cmake/debug/armeabi-v7a/CMakeFiles/CMakeTmp

Run Build Command:"/Users/ashawn/Library/Android/sdk/cmake/3.6.4111459/bin/ninja" "cmTC_1c2ab"
[1/2] Building CXX object CMakeFiles/cmTC_1c2ab.dir/CMakeCXXCompilerABI.cpp.o
[2/2] Linking CXX executable cmTC_1c2ab
Android clang version 3.8.256229  (based on LLVM 3.8.256229)
Target: armv7-none-linux-android
Thread model: posix
InstalledDir: /Users/ashawn/Library/Android/sdk/android-ndk-r13b/toolchains/llvm/prebuilt/darwin-x86_64/bin
Found candidate GCC installation: /Users/ashawn/Library/Android/sdk/android-ndk-r13b/toolchains/arm-linux-androideabi-4.9/prebuilt/darwin-x86_64/lib/gcc/arm-linux-androideabi/4.9.x
Selected GCC installation: /Users/ashawn/Library/Android/sdk/android-ndk-r13b/toolchains/arm-linux-androideabi-4.9/prebuilt/darwin-x86_64/lib/gcc/arm-linux-androideabi/4.9.x
Candidate multilib: .;@m32
Selected multilib: .;@m32
 "/Users/ashawn/Library/Android/sdk/android-ndk-r13b/toolchains/arm-linux-androideabi-4.9/prebuilt/darwin-x86_64/lib/gcc/arm-linux-androideabi/4.9.x/../../../../arm-linux-androideabi/bin/ld" --sysroot=/Users/ashawn/Library/Android/sdk/android-ndk-r13b/platforms/android-21/arch-arm -pie -X --eh-frame-hdr -m armelf_linux_eabi -dynamic-linker /system/bin/linker -o cmTC_1c2ab /Users/ashawn/Library/Android/sdk/android-ndk-r13b/platforms/android-21/arch-arm/usr/lib/../lib/crtbegin_dynamic.o -L/Users/ashawn/Library/Android/sdk/android-ndk-r13b/toolchains/arm-linux-androideabi-4.9/prebuilt/darwin-x86_64/lib/gcc/arm-linux-androideabi/4.9.x -L/Users/ashawn/Library/Android/sdk/android-ndk-r13b/toolchains/arm-linux-androideabi-4.9/prebuilt/darwin-x86_64/lib/gcc/arm-linux-androideabi/4.9.x/../../../../arm-linux-androideabi/lib/../lib -L/Users/ashawn/Library/Android/sdk/android-ndk-r13b/platforms/android-21/arch-arm/usr/lib/../lib -L/Users/ashawn/Library/Android/sdk/android-ndk-r13b/toolchains/arm-linux-androideabi-4.9/prebuilt/darwin-x86_64/lib/gcc/arm-linux-androideabi/4.9.x/../../../../arm-linux-androideabi/lib -L/Users/ashawn/Library/Android/sdk/android-ndk-r13b/platforms/android-21/arch-arm/usr/lib --build-id --warn-shared-textrel --fatal-warnings --fix-cortex-a8 --no-undefined -z noexecstack -z relro -z now --gc-sections -z nocopyreloc --build-id --warn-shared-textrel --fatal-warnings --fix-cortex-a8 --no-undefined -z noexecstack -z relro -z now --gc-sections -z nocopyreloc CMakeFiles/cmTC_1c2ab.dir/CMakeCXXCompilerABI.cpp.o -lstdc++ -lm -lgcc -lgcc -ldl -lc -lgcc -lgcc -ldl /Users/ashawn/Library/Android/sdk/android-ndk-r13b/platforms/android-21/arch-arm/usr/lib/../lib/crtend_android.o


Parsed CXX implicit link information from above output:
  link line regex: [^( *|.*[/\])(arm-linux-androideabi-ld|([^/\]+-)?ld|collect2)[^/\]*( |$)]
  ignore line: [Change Dir: /Users/ashawn/Projects/Mine/VirtualBeauty/dlib-android/.externalNativeBuild/cmake/debug/armeabi-v7a/CMakeFiles/CMakeTmp]
  ignore line: []
  ignore line: [Run Build Command:"/Users/ashawn/Library/Android/sdk/cmake/3.6.4111459/bin/ninja" "cmTC_1c2ab"]
  ignore line: [[1/2] Building CXX object CMakeFiles/cmTC_1c2ab.dir/CMakeCXXCompilerABI.cpp.o]
  ignore line: [[2/2] Linking CXX executable cmTC_1c2ab]
  ignore line: [Android clang version 3.8.256229  (based on LLVM 3.8.256229)]
  ignore line: [Target: armv7-none-linux-android]
  ignore line: [Thread model: posix]
  ignore line: [InstalledDir: /Users/ashawn/Library/Android/sdk/android-ndk-r13b/toolchains/llvm/prebuilt/darwin-x86_64/bin]
  ignore line: [Found candidate GCC installation: /Users/ashawn/Library/Android/sdk/android-ndk-r13b/toolchains/arm-linux-androideabi-4.9/prebuilt/darwin-x86_64/lib/gcc/arm-linux-androideabi/4.9.x]
  ignore line: [Selected GCC installation: /Users/ashawn/Library/Android/sdk/android-ndk-r13b/toolchains/arm-linux-androideabi-4.9/prebuilt/darwin-x86_64/lib/gcc/arm-linux-androideabi/4.9.x]
  ignore line: [Candidate multilib: .]
  ignore line: [@m32]
  ignore line: [Selected multilib: .]
  ignore line: [@m32]
  link line: [ "/Users/ashawn/Library/Android/sdk/android-ndk-r13b/toolchains/arm-linux-androideabi-4.9/prebuilt/darwin-x86_64/lib/gcc/arm-linux-androideabi/4.9.x/../../../../arm-linux-androideabi/bin/ld" --sysroot=/Users/ashawn/Library/Android/sdk/android-ndk-r13b/platforms/android-21/arch-arm -pie -X --eh-frame-hdr -m armelf_linux_eabi -dynamic-linker /system/bin/linker -o cmTC_1c2ab /Users/ashawn/Library/Android/sdk/android-ndk-r13b/platforms/android-21/arch-arm/usr/lib/../lib/crtbegin_dynamic.o -L/Users/ashawn/Library/Android/sdk/android-ndk-r13b/toolchains/arm-linux-androideabi-4.9/prebuilt/darwin-x86_64/lib/gcc/arm-linux-androideabi/4.9.x -L/Users/ashawn/Library/Android/sdk/android-ndk-r13b/toolchains/arm-linux-androideabi-4.9/prebuilt/darwin-x86_64/lib/gcc/arm-linux-androideabi/4.9.x/../../../../arm-linux-androideabi/lib/../lib -L/Users/ashawn/Library/Android/sdk/android-ndk-r13b/platforms/android-21/arch-arm/usr/lib/../lib -L/Users/ashawn/Library/Android/sdk/android-ndk-r13b/toolchains/arm-linux-androideabi-4.9/prebuilt/darwin-x86_64/lib/gcc/arm-linux-androideabi/4.9.x/../../../../arm-linux-androideabi/lib -L/Users/ashawn/Library/Android/sdk/android-ndk-r13b/platforms/android-21/arch-arm/usr/lib --build-id --warn-shared-textrel --fatal-warnings --fix-cortex-a8 --no-undefined -z noexecstack -z relro -z now --gc-sections -z nocopyreloc --build-id --warn-shared-textrel --fatal-warnings --fix-cortex-a8 --no-undefined -z noexecstack -z relro -z now --gc-sections -z nocopyreloc CMakeFiles/cmTC_1c2ab.dir/CMakeCXXCompilerABI.cpp.o -lstdc++ -lm -lgcc -lgcc -ldl -lc -lgcc -lgcc -ldl /Users/ashawn/Library/Android/sdk/android-ndk-r13b/platforms/android-21/arch-arm/usr/lib/../lib/crtend_android.o]
    arg [/Users/ashawn/Library/Android/sdk/android-ndk-r13b/toolchains/arm-linux-androideabi-4.9/prebuilt/darwin-x86_64/lib/gcc/arm-linux-androideabi/4.9.x/../../../../arm-linux-androideabi/bin/ld] ==> ignore
    arg [--sysroot=/Users/ashawn/Library/Android/sdk/android-ndk-r13b/platforms/android-21/arch-arm] ==> ignore
    arg [-pie] ==> ignore
    arg [-X] ==> ignore
    arg [--eh-frame-hdr] ==> ignore
    arg [-m] ==> ignore
    arg [armelf_linux_eabi] ==> ignore
    arg [-dynamic-linker] ==> ignore
    arg [/system/bin/linker] ==> ignore
    arg [-o] ==> ignore
    arg [cmTC_1c2ab] ==> ignore
    arg [/Users/ashawn/Library/Android/sdk/android-ndk-r13b/platforms/android-21/arch-arm/usr/lib/../lib/crtbegin_dynamic.o] ==> ignore
    arg [-L/Users/ashawn/Library/Android/sdk/android-ndk-r13b/toolchains/arm-linux-androideabi-4.9/prebuilt/darwin-x86_64/lib/gcc/arm-linux-androideabi/4.9.x] ==> dir [/Users/ashawn/Library/Android/sdk/android-ndk-r13b/toolchains/arm-linux-androideabi-4.9/prebuilt/darwin-x86_64/lib/gcc/arm-linux-androideabi/4.9.x]
    arg [-L/Users/ashawn/Library/Android/sdk/android-ndk-r13b/toolchains/arm-linux-androideabi-4.9/prebuilt/darwin-x86_64/lib/gcc/arm-linux-androideabi/4.9.x/../../../../arm-linux-androideabi/lib/../lib] ==> dir [/Users/ashawn/Library/Android/sdk/android-ndk-r13b/toolchains/arm-linux-androideabi-4.9/prebuilt/darwin-x86_64/lib/gcc/arm-linux-androideabi/4.9.x/../../../../arm-linux-androideabi/lib/../lib]
    arg [-L/Users/ashawn/Library/Android/sdk/android-ndk-r13b/platforms/android-21/arch-arm/usr/lib/../lib] ==> dir [/Users/ashawn/Library/Android/sdk/android-ndk-r13b/platforms/android-21/arch-arm/usr/lib/../lib]
    arg [-L/Users/ashawn/Library/Android/sdk/android-ndk-r13b/toolchains/arm-linux-androideabi-4.9/prebuilt/darwin-x86_64/lib/gcc/arm-linux-androideabi/4.9.x/../../../../arm-linux-androideabi/lib] ==> dir [/Users/ashawn/Library/Android/sdk/android-ndk-r13b/toolchains/arm-linux-androideabi-4.9/prebuilt/darwin-x86_64/lib/gcc/arm-linux-androideabi/4.9.x/../../../../arm-linux-androideabi/lib]
    arg [-L/Users/ashawn/Library/Android/sdk/android-ndk-r13b/platforms/android-21/arch-arm/usr/lib] ==> dir [/Users/ashawn/Library/Android/sdk/android-ndk-r13b/platforms/android-21/arch-arm/usr/lib]
    arg [--build-id] ==> ignore
    arg [--warn-shared-textrel] ==> ignore
    arg [--fatal-warnings] ==> ignore
    arg [--fix-cortex-a8] ==> ignore
    arg [--no-undefined] ==> ignore
    arg [-znoexecstack] ==> ignore
    arg [-zrelro] ==> ignore
    arg [-znow] ==> ignore
    arg [--gc-sections] ==> ignore
    arg [-znocopyreloc] ==> ignore
    arg [--build-id] ==> ignore
    arg [--warn-shared-textrel] ==> ignore
    arg [--fatal-warnings] ==> ignore
    arg [--fix-cortex-a8] ==> ignore
    arg [--no-undefined] ==> ignore
    arg [-znoexecstack] ==> ignore
    arg [-zrelro] ==> ignore
    arg [-znow] ==> ignore
    arg [--gc-sections] ==> ignore
    arg [-znocopyreloc] ==> ignore
    arg [CMakeFiles/cmTC_1c2ab.dir/CMakeCXXCompilerABI.cpp.o] ==> ignore
    arg [-lstdc++] ==> lib [stdc++]
    arg [-lm] ==> lib [m]
    arg [-lgcc] ==> lib [gcc]
    arg [-lgcc] ==> lib [gcc]
    arg [-ldl] ==> lib [dl]
    arg [-lc] ==> lib [c]
    arg [-lgcc] ==> lib [gcc]
    arg [-lgcc] ==> lib [gcc]
    arg [-ldl] ==> lib [dl]
    arg [/Users/ashawn/Library/Android/sdk/android-ndk-r13b/platforms/android-21/arch-arm/usr/lib/../lib/crtend_android.o] ==> ignore
  remove lib [gcc]
  remove lib [gcc]
  remove lib [gcc]
  remove lib [gcc]
  collapse library dir [/Users/ashawn/Library/Android/sdk/android-ndk-r13b/toolchains/arm-linux-androideabi-4.9/prebuilt/darwin-x86_64/lib/gcc/arm-linux-androideabi/4.9.x] ==> [/Users/ashawn/Library/Android/sdk/android-ndk-r13b/toolchains/arm-linux-androideabi-4.9/prebuilt/darwin-x86_64/lib/gcc/arm-linux-androideabi/4.9.x]
  collapse library dir [/Users/ashawn/Library/Android/sdk/android-ndk-r13b/toolchains/arm-linux-androideabi-4.9/prebuilt/darwin-x86_64/lib/gcc/arm-linux-androideabi/4.9.x/../../../../arm-linux-androideabi/lib/../lib] ==> [/Users/ashawn/Library/Android/sdk/android-ndk-r13b/toolchains/arm-linux-androideabi-4.9/prebuilt/darwin-x86_64/arm-linux-androideabi/lib]
  collapse library dir [/Users/ashawn/Library/Android/sdk/android-ndk-r13b/platforms/android-21/arch-arm/usr/lib/../lib] ==> [/Users/ashawn/Library/Android/sdk/android-ndk-r13b/platforms/android-21/arch-arm/usr/lib]
  collapse library dir [/Users/ashawn/Library/Android/sdk/android-ndk-r13b/toolchains/arm-linux-androideabi-4.9/prebuilt/darwin-x86_64/lib/gcc/arm-linux-androideabi/4.9.x/../../../../arm-linux-androideabi/lib] ==> [/Users/ashawn/Library/Android/sdk/android-ndk-r13b/toolchains/arm-linux-androideabi-4.9/prebuilt/darwin-x86_64/arm-linux-androideabi/lib]
  collapse library dir [/Users/ashawn/Library/Android/sdk/android-ndk-r13b/platforms/android-21/arch-arm/usr/lib] ==> [/Users/ashawn/Library/Android/sdk/android-ndk-r13b/platforms/android-21/arch-arm/usr/lib]
  implicit libs: [stdc++;m;dl;c;dl]
  implicit dirs: [/Users/ashawn/Library/Android/sdk/android-ndk-r13b/toolchains/arm-linux-androideabi-4.9/prebuilt/darwin-x86_64/lib/gcc/arm-linux-androideabi/4.9.x;/Users/ashawn/Library/Android/sdk/android-ndk-r13b/toolchains/arm-linux-androideabi-4.9/prebuilt/darwin-x86_64/arm-linux-androideabi/lib;/Users/ashawn/Library/Android/sdk/android-ndk-r13b/platforms/android-21/arch-arm/usr/lib]
  implicit fwks: []


